<?xml version="1.0" encoding="UTF-8"?>
<!-- Generated by org.testng.reporters.JUnitReportReporter -->
<testsuite hostname="LAPTOP-LHIOLAI0" failures="0" tests="2" name="SeleniumDay3.testNgPractice" time="16.155" errors="0" timestamp="2023-08-21T08:13:45 EDT" skipped="0">
  <testcase classname="SeleniumDay3.testNgPractice" name="testFacebook" time="8.104"/>
  <testcase classname="SeleniumDay3.testNgPractice" name="testGoogle" time="8.051"/>
</testsuite> <!-- SeleniumDay3.testNgPractice -->
